["Lina@gmail.com","passeLina","2022-02-25 08:43:53"]
["Lina@gmail.com","d","2022-02-25 08:48:01"]
["root@q","KyStFWGXyw4gdzx","2022-02-25 08:56:37"]
["root@q","KyStFWGXyw4gdzx","2022-02-25 09:38:42"]
["root@q","KyStFWGXyw4gdzx","2022-02-25 09:39:44"]
["root@q","KyStFWGXyw4gdzx","2022-02-25 09:40:45"]
["root@s","KyStFWGXyw4gdzx","2022-02-25 09:41:23"]
["root@q","KyStFWGXyw4gdzx","2022-02-25 09:41:28"]
["root@q","KyStFWGXyw4gdzx","2022-02-25 09:44:24"]
["root@q","KyStFWGXyw4gdzx","2022-02-25 09:45:15"]
["root@q","KyStFWGXyw4gdzx","2022-02-25 09:46:34"]
["root@q","KyStFWGXyw4gdzx","2022-02-25 09:47:58"]
["root@s","KyStFWGXyw4gdzx","2022-02-25 09:48:21"]
["root@q","KyStFWGXyw4gdzx","2022-02-25 09:48:26"]
["root@q","KyStFWGXyw4gdzx","2022-02-25 09:48:46"]
["root@s","KyStFWGXyw4gdzx","2022-02-25 09:48:52"]
["root@s","KyStFWGXyw4gdzx","2022-02-25 09:49:24"]
["root@s","KyStFWGXyw4gdzx","2022-02-25 09:52:29"]
["root@s","KyStFWGXyw4gdzx","2022-02-25 09:55:36"]
["Lina@gmail.com","passeLina","2022-02-25 09:56:07"]
["Lina@gmail.com","passeLina","2022-02-25 09:57:19"]
["Lina@gmail.com","passeLina","2022-02-25 09:59:34"]
["Lina@gmail.com","passeLina","2022-02-25 10:01:20"]
["root@5","KyStFWGXyw4gdzx","2022-02-25 10:10:23"]
["Lina@gmail.com","passeLina","2022-02-25 10:10:45"]
["Lina@gmail.com","passeLina","2022-02-25 11:12:07"]
["Lina@gmail.com","passeLina","2022-02-25 11:15:25"]
["Lina@gmail.com","passeLina","2022-02-25 11:15:44"]
["Lina@gmail.com","passeLina","2022-02-25 11:15:51"]
["Lina@gmail.com","passeLina","2022-02-25 11:18:16"]
["Lina@gmail.com","passeLina","2022-02-25 11:45:53"]
["Lina@gmail.coms","passeLina","2022-02-25 11:45:59"]
["Lina@gmail.com","passeLina","2022-02-25 11:48:43"]
["Lina@gmail.com","passeLina","2022-02-25 11:51:57"]
["Lina@gmail.com3","passeLina","2022-02-25 11:52:10"]
["Lina@gmail.com","passeLina","2022-02-25 11:52:14"]
["Lina@gmail.com","passeLina","2022-02-25 11:52:59"]
["Lina@gmail.com","passeLina","2022-02-25 11:56:51"]
["Lina@gmail.com","passeLina","2022-02-25 11:57:44"]
["Edgar@gmail.com","passeEdgar","2022-02-25 12:12:41"]
["Lina@gmail.com","passeLina","2022-02-25 12:12:48"]
["Lina@gmail.com","passeLina","2022-02-25 12:33:36"]
["Edgar@gmail.com","passeEdgar","2022-02-26 00:05:27"]
["Edgar@gmail.com","passeEdgar","2022-02-26 00:06:56"]
["Edgar@gmail.com","passeEdgar","2022-02-26 00:07:33"]
["Edgar@gmail.com","passeEdgar","2022-02-26 00:15:49"]
["Edgar@gmail.com","passeEdgar","2022-02-26 00:16:41"]
["Edgar@gmail.com","passeEdgar","2022-02-26 00:17:07"]
["Edgar@gmail.com","passeEdgar","2022-02-26 00:17:17"]
["Edgar@gmail.comq","passeEdgar","2022-02-26 00:17:23"]
["Edgar@gmail.com","passeEdgar","2022-02-26 00:17:28"]
["Edgar@gmail.com","passeEdgar","2022-02-26 00:17:36"]
["Edgar@gmail.co2m","passeEdgar","2022-02-26 00:17:42"]
["Edgar@gmail.com","passeEdgar","2022-02-26 00:40:59"]
["Edgar@gmail.com","passeEdgar","2022-02-26 00:42:49"]
["Edgar@gmail.com","passeEdgar","2022-02-26 00:43:07"]
["Edgar@gmail.com","passeEdgar","2022-02-26 01:26:13"]
