["root@sqdqdds","KyStFWGXyw4gdzx","2022-02-24 07:48:31"]
["root@sqdqdds","KyStFWGXyw4gdzx","2022-02-24 07:48:34"]
["root@sqdqdds","KyStFWGXyw4gdzx","2022-02-24 07:48:37"]
["Lina@gmail.com","passeLina","2022-02-24 07:52:42"]
["Lina@gmail.com","passeLina","2022-02-24 07:52:45"]
["Lina@gmail.com","passeLina","2022-02-24 07:52:54"]
["Lina@gmail.com","passeLina","2022-02-24 07:54:22"]
["Lina@gmail.com","passeLina","2022-02-24 07:54:24"]
["Lina@gmail.com","passeLina","2022-02-24 07:57:32"]
["Lina@gmail.com","passeLina","2022-02-24 07:57:34"]
["Lina@gmail.com","passeLina","2022-02-24 07:58:35"]
["Lina@gmail.com","passeLina","2022-02-24 07:58:38"]
["Lina@gmail.com","passeLina","2022-02-24 07:59:34"]
["Lina@gmail.com","passeLina","2022-02-24 07:59:36"]
["Lina@gmail.com","passeLina","2022-02-24 08:02:02"]
["Lina@gmail.com","passeLina","2022-02-24 08:02:04"]
["Lina@gmail.com","passeLina","2022-02-24 08:05:10"]
["Lina@gmail.com","passeLina","2022-02-24 08:05:12"]
["Lina@gmail.com","passeLina","2022-02-24 08:06:02"]
["Lina@gmail.com","passeLina","2022-02-24 08:06:04"]
["Lina@gmail.com","passeLina","2022-02-24 08:08:55"]
["Lina@gmail.com","passeLina","2022-02-24 08:08:57"]
["Lina@gmail.com","passeLina","2022-02-24 08:09:36"]
["Edgar@gmail.com","passeEdgar","2022-02-24 08:10:03"]
["Edgar@gmail.com","passeEdgar","2022-02-24 08:11:14"]
["Lina@gmail.com","passeLina","2022-02-24 08:11:29"]
["Lina@gmail.com","passLina","2022-02-24 08:21:25"]
["Edgar@gmail.com","passeEdgar","2022-02-24 08:21:53"]
["Edgar@gmail.com","passeEdgar","2022-02-24 08:23:56"]
["Edgar@gmail.com","passeEdgar","2022-02-24 08:24:08"]
["Edgar@gmail.com","passeEdgar","2022-02-24 08:24:50"]
["Edgar@gmail.com","passeEdgar","2022-02-24 08:30:46"]
["Edgar@gmail.com","passeEdgar","2022-02-24 08:31:06"]
["Edgar@gmail.com","passEdgar","2022-02-24 08:34:16"]
